Lmod Warning: The architecture selection module has been deprecated. The
module system will now autonomously handle the proper selection of binaries. 
While processing the following module(s):
    Module fullname     Module Filename
    ---------------     ---------------
    architecture/Intel  /orfeo/opt/modules/profiles/architecture/Intel.lua

Loading mkl version 2022.2.1
Loading tbb version 2021.7.1
Loading compiler-rt version 2022.2.1
rm -rf /u/dssc/galess00/exercise2/fixed_cores/thin/spread/*.x
gcc -DUSE_DOUBLE -DMKL gemm.c -m64 -I/opt/area/shared/programs/x86/oneAPI/2022.3.1/mkl/2022.2.1/include -L/opt/area/shared/programs/x86/oneAPI/2022.3.1/mkl/2022.2.1/lib/intel64  -lmkl_intel_lp64 -lmkl_gnu_thread -lmkl_core -lgomp -lpthread -lm -ldl  -o /u/dssc/galess00/exercise2/fixed_cores/thin/spread/mkl_double.x -DWRITE_CSV -DMULTIPLE_ITERATIONS
gcc -DUSE_FLOAT -DMKL gemm.c -m64 -I/opt/area/shared/programs/x86/oneAPI/2022.3.1/mkl/2022.2.1/include -L/opt/area/shared/programs/x86/oneAPI/2022.3.1/mkl/2022.2.1/lib/intel64  -lmkl_intel_lp64 -lmkl_gnu_thread -lmkl_core -lgomp -lpthread -lm -ldl -o /u/dssc/galess00/exercise2/fixed_cores/thin/spread/mkl_float.x -DWRITE_CSV -DMULTIPLE_ITERATIONS
gcc -DUSE_DOUBLE -DOPENBLAS gemm.c -m64 -I/opt/programs/openBLAS/0.3.23-omp/include -L//opt/programs/openBLAS/0.3.23-omp/lib -lopenblas -lpthread -o /u/dssc/galess00/exercise2/fixed_cores/thin/spread/openblas_double.x -fopenmp -lm -DWRITE_CSV -DMULTIPLE_ITERATIONS
gcc -DUSE_FLOAT -DOPENBLAS gemm.c -m64 -I/opt/programs/openBLAS/0.3.23-omp/include -L//opt/programs/openBLAS/0.3.23-omp/lib -lopenblas -lpthread -o /u/dssc/galess00/exercise2/fixed_cores/thin/spread/openblas_float.x -fopenmp -lm -DWRITE_CSV -DMULTIPLE_ITERATIONS
gcc -DUSE_DOUBLE  -DBLIS gemm.c -m64 -I/u/dssc/galess00/exercise2/myblis_thin/include/blis -L//u/dssc/galess00/exercise2/myblis_thin/lib -o /u/dssc/galess00/exercise2/fixed_cores/thin/spread/blis_double.x -lpthread -lblis -fopenmp -lm -DWRITE_CSV -DMULTIPLE_ITERATIONS
gcc -DUSE_FLOAT  -DBLIS gemm.c -m64 -I/u/dssc/galess00/exercise2/myblis_thin/include/blis -L//u/dssc/galess00/exercise2/myblis_thin/lib -o /u/dssc/galess00/exercise2/fixed_cores/thin/spread/blis_float.x -lpthread  -lblis -fopenmp -lm -DWRITE_CSV -DMULTIPLE_ITERATIONS

 This example computes real matrix C=alpha*A*B+beta*C using 
 BLAS function dgemm, where A, B, and  C are matrices and 
 alpha and beta are scalars

 Initializing data for matrix multiplication C=A*B for matrix 
 A(2000x2000) and matrix B(2000x2000)

 Using float 

 Computing matrix product using gemm function via CBLAS interface 

 This example computes real matrix C=alpha*A*B+beta*C using 
 BLAS function dgemm, where A, B, and  C are matrices and 
 alpha and beta are scalars

 Initializing data for matrix multiplication C=A*B for matrix 
 A(2000x2000) and matrix B(2000x2000)

 Using double 

 Computing matrix product using gemm function via CBLAS interface 

 This example computes real matrix C=alpha*A*B+beta*C using 
 BLAS function dgemm, where A, B, and  C are matrices and 
 alpha and beta are scalars

 Initializing data for matrix multiplication C=A*B for matrix 
 A(2000x2000) and matrix B(2000x2000)

 Using float 

 Computing matrix product using gemm function via CBLAS interface 

 This example computes real matrix C=alpha*A*B+beta*C using 
 BLAS function dgemm, where A, B, and  C are matrices and 
 alpha and beta are scalars

 Initializing data for matrix multiplication C=A*B for matrix 
 A(2000x2000) and matrix B(2000x2000)

 Using double 

 Computing matrix product using gemm function via CBLAS interface 

 This example computes real matrix C=alpha*A*B+beta*C using 
 BLAS function dgemm, where A, B, and  C are matrices and 
 alpha and beta are scalars

 Initializing data for matrix multiplication C=A*B for matrix 
 A(2000x2000) and matrix B(2000x2000)

 Using float 

 Computing matrix product using gemm function via CBLAS interface 

 This example computes real matrix C=alpha*A*B+beta*C using 
 BLAS function dgemm, where A, B, and  C are matrices and 
 alpha and beta are scalars

 Initializing data for matrix multiplication C=A*B for matrix 
 A(2000x2000) and matrix B(2000x2000)

 Using double 

 Computing matrix product using gemm function via CBLAS interface 

 This example computes real matrix C=alpha*A*B+beta*C using 
 BLAS function dgemm, where A, B, and  C are matrices and 
 alpha and beta are scalars

 Initializing data for matrix multiplication C=A*B for matrix 
 A(3000x3000) and matrix B(3000x3000)

 Using float 

 Computing matrix product using gemm function via CBLAS interface 

 This example computes real matrix C=alpha*A*B+beta*C using 
 BLAS function dgemm, where A, B, and  C are matrices and 
 alpha and beta are scalars

 Initializing data for matrix multiplication C=A*B for matrix 
 A(3000x3000) and matrix B(3000x3000)

 Using double 

 Computing matrix product using gemm function via CBLAS interface 

 This example computes real matrix C=alpha*A*B+beta*C using 
 BLAS function dgemm, where A, B, and  C are matrices and 
 alpha and beta are scalars

 Initializing data for matrix multiplication C=A*B for matrix 
 A(3000x3000) and matrix B(3000x3000)

 Using float 

 Computing matrix product using gemm function via CBLAS interface 

 This example computes real matrix C=alpha*A*B+beta*C using 
 BLAS function dgemm, where A, B, and  C are matrices and 
 alpha and beta are scalars

 Initializing data for matrix multiplication C=A*B for matrix 
 A(3000x3000) and matrix B(3000x3000)

 Using double 

 Computing matrix product using gemm function via CBLAS interface 

 This example computes real matrix C=alpha*A*B+beta*C using 
 BLAS function dgemm, where A, B, and  C are matrices and 
 alpha and beta are scalars

 Initializing data for matrix multiplication C=A*B for matrix 
 A(3000x3000) and matrix B(3000x3000)

 Using float 

 Computing matrix product using gemm function via CBLAS interface 

 This example computes real matrix C=alpha*A*B+beta*C using 
 BLAS function dgemm, where A, B, and  C are matrices and 
 alpha and beta are scalars

 Initializing data for matrix multiplication C=A*B for matrix 
 A(3000x3000) and matrix B(3000x3000)

 Using double 

 Computing matrix product using gemm function via CBLAS interface 

 This example computes real matrix C=alpha*A*B+beta*C using 
 BLAS function dgemm, where A, B, and  C are matrices and 
 alpha and beta are scalars

 Initializing data for matrix multiplication C=A*B for matrix 
 A(4000x4000) and matrix B(4000x4000)

 Using float 

 Computing matrix product using gemm function via CBLAS interface 

 This example computes real matrix C=alpha*A*B+beta*C using 
 BLAS function dgemm, where A, B, and  C are matrices and 
 alpha and beta are scalars

 Initializing data for matrix multiplication C=A*B for matrix 
 A(4000x4000) and matrix B(4000x4000)

 Using double 

 Computing matrix product using gemm function via CBLAS interface 

 This example computes real matrix C=alpha*A*B+beta*C using 
 BLAS function dgemm, where A, B, and  C are matrices and 
 alpha and beta are scalars

 Initializing data for matrix multiplication C=A*B for matrix 
 A(4000x4000) and matrix B(4000x4000)

 Using float 

 Computing matrix product using gemm function via CBLAS interface 

 This example computes real matrix C=alpha*A*B+beta*C using 
 BLAS function dgemm, where A, B, and  C are matrices and 
 alpha and beta are scalars

 Initializing data for matrix multiplication C=A*B for matrix 
 A(4000x4000) and matrix B(4000x4000)

 Using double 

 Computing matrix product using gemm function via CBLAS interface 

 This example computes real matrix C=alpha*A*B+beta*C using 
 BLAS function dgemm, where A, B, and  C are matrices and 
 alpha and beta are scalars

 Initializing data for matrix multiplication C=A*B for matrix 
 A(4000x4000) and matrix B(4000x4000)

 Using float 

 Computing matrix product using gemm function via CBLAS interface 

 This example computes real matrix C=alpha*A*B+beta*C using 
 BLAS function dgemm, where A, B, and  C are matrices and 
 alpha and beta are scalars

 Initializing data for matrix multiplication C=A*B for matrix 
 A(4000x4000) and matrix B(4000x4000)

 Using double 

 Computing matrix product using gemm function via CBLAS interface 

 This example computes real matrix C=alpha*A*B+beta*C using 
 BLAS function dgemm, where A, B, and  C are matrices and 
 alpha and beta are scalars

 Initializing data for matrix multiplication C=A*B for matrix 
 A(5000x5000) and matrix B(5000x5000)

 Using float 

 Computing matrix product using gemm function via CBLAS interface 

 This example computes real matrix C=alpha*A*B+beta*C using 
 BLAS function dgemm, where A, B, and  C are matrices and 
 alpha and beta are scalars

 Initializing data for matrix multiplication C=A*B for matrix 
 A(5000x5000) and matrix B(5000x5000)

 Using double 

 Computing matrix product using gemm function via CBLAS interface 

 This example computes real matrix C=alpha*A*B+beta*C using 
 BLAS function dgemm, where A, B, and  C are matrices and 
 alpha and beta are scalars

 Initializing data for matrix multiplication C=A*B for matrix 
 A(5000x5000) and matrix B(5000x5000)

 Using float 

 Computing matrix product using gemm function via CBLAS interface 

 This example computes real matrix C=alpha*A*B+beta*C using 
 BLAS function dgemm, where A, B, and  C are matrices and 
 alpha and beta are scalars

 Initializing data for matrix multiplication C=A*B for matrix 
 A(5000x5000) and matrix B(5000x5000)

 Using double 

 Computing matrix product using gemm function via CBLAS interface 

 This example computes real matrix C=alpha*A*B+beta*C using 
 BLAS function dgemm, where A, B, and  C are matrices and 
 alpha and beta are scalars

 Initializing data for matrix multiplication C=A*B for matrix 
 A(5000x5000) and matrix B(5000x5000)

 Using float 

 Computing matrix product using gemm function via CBLAS interface 

 This example computes real matrix C=alpha*A*B+beta*C using 
 BLAS function dgemm, where A, B, and  C are matrices and 
 alpha and beta are scalars

 Initializing data for matrix multiplication C=A*B for matrix 
 A(5000x5000) and matrix B(5000x5000)

 Using double 

 Computing matrix product using gemm function via CBLAS interface 

 This example computes real matrix C=alpha*A*B+beta*C using 
 BLAS function dgemm, where A, B, and  C are matrices and 
 alpha and beta are scalars

 Initializing data for matrix multiplication C=A*B for matrix 
 A(6000x6000) and matrix B(6000x6000)

 Using float 

 Computing matrix product using gemm function via CBLAS interface 

 This example computes real matrix C=alpha*A*B+beta*C using 
 BLAS function dgemm, where A, B, and  C are matrices and 
 alpha and beta are scalars

 Initializing data for matrix multiplication C=A*B for matrix 
 A(6000x6000) and matrix B(6000x6000)

 Using double 

 Computing matrix product using gemm function via CBLAS interface 

 This example computes real matrix C=alpha*A*B+beta*C using 
 BLAS function dgemm, where A, B, and  C are matrices and 
 alpha and beta are scalars

 Initializing data for matrix multiplication C=A*B for matrix 
 A(6000x6000) and matrix B(6000x6000)

 Using float 

 Computing matrix product using gemm function via CBLAS interface 

 This example computes real matrix C=alpha*A*B+beta*C using 
 BLAS function dgemm, where A, B, and  C are matrices and 
 alpha and beta are scalars

 Initializing data for matrix multiplication C=A*B for matrix 
 A(6000x6000) and matrix B(6000x6000)

 Using double 

 Computing matrix product using gemm function via CBLAS interface 

 This example computes real matrix C=alpha*A*B+beta*C using 
 BLAS function dgemm, where A, B, and  C are matrices and 
 alpha and beta are scalars

 Initializing data for matrix multiplication C=A*B for matrix 
 A(6000x6000) and matrix B(6000x6000)

 Using float 

 Computing matrix product using gemm function via CBLAS interface 

 This example computes real matrix C=alpha*A*B+beta*C using 
 BLAS function dgemm, where A, B, and  C are matrices and 
 alpha and beta are scalars

 Initializing data for matrix multiplication C=A*B for matrix 
 A(6000x6000) and matrix B(6000x6000)

 Using double 

 Computing matrix product using gemm function via CBLAS interface 

 This example computes real matrix C=alpha*A*B+beta*C using 
 BLAS function dgemm, where A, B, and  C are matrices and 
 alpha and beta are scalars

 Initializing data for matrix multiplication C=A*B for matrix 
 A(7000x7000) and matrix B(7000x7000)

 Using float 

 Computing matrix product using gemm function via CBLAS interface 

 This example computes real matrix C=alpha*A*B+beta*C using 
 BLAS function dgemm, where A, B, and  C are matrices and 
 alpha and beta are scalars

 Initializing data for matrix multiplication C=A*B for matrix 
 A(7000x7000) and matrix B(7000x7000)

 Using double 

 Computing matrix product using gemm function via CBLAS interface 

 This example computes real matrix C=alpha*A*B+beta*C using 
 BLAS function dgemm, where A, B, and  C are matrices and 
 alpha and beta are scalars

 Initializing data for matrix multiplication C=A*B for matrix 
 A(7000x7000) and matrix B(7000x7000)

 Using float 

 Computing matrix product using gemm function via CBLAS interface 

 This example computes real matrix C=alpha*A*B+beta*C using 
 BLAS function dgemm, where A, B, and  C are matrices and 
 alpha and beta are scalars

 Initializing data for matrix multiplication C=A*B for matrix 
 A(7000x7000) and matrix B(7000x7000)

 Using double 

 Computing matrix product using gemm function via CBLAS interface 

 This example computes real matrix C=alpha*A*B+beta*C using 
 BLAS function dgemm, where A, B, and  C are matrices and 
 alpha and beta are scalars

 Initializing data for matrix multiplication C=A*B for matrix 
 A(7000x7000) and matrix B(7000x7000)

 Using float 

 Computing matrix product using gemm function via CBLAS interface 

 This example computes real matrix C=alpha*A*B+beta*C using 
 BLAS function dgemm, where A, B, and  C are matrices and 
 alpha and beta are scalars

 Initializing data for matrix multiplication C=A*B for matrix 
 A(7000x7000) and matrix B(7000x7000)

 Using double 

 Computing matrix product using gemm function via CBLAS interface 

 This example computes real matrix C=alpha*A*B+beta*C using 
 BLAS function dgemm, where A, B, and  C are matrices and 
 alpha and beta are scalars

 Initializing data for matrix multiplication C=A*B for matrix 
 A(8000x8000) and matrix B(8000x8000)

 Using float 

 Computing matrix product using gemm function via CBLAS interface 

 This example computes real matrix C=alpha*A*B+beta*C using 
 BLAS function dgemm, where A, B, and  C are matrices and 
 alpha and beta are scalars

 Initializing data for matrix multiplication C=A*B for matrix 
 A(8000x8000) and matrix B(8000x8000)

 Using double 

 Computing matrix product using gemm function via CBLAS interface 

 This example computes real matrix C=alpha*A*B+beta*C using 
 BLAS function dgemm, where A, B, and  C are matrices and 
 alpha and beta are scalars

 Initializing data for matrix multiplication C=A*B for matrix 
 A(8000x8000) and matrix B(8000x8000)

 Using float 

 Computing matrix product using gemm function via CBLAS interface 

 This example computes real matrix C=alpha*A*B+beta*C using 
 BLAS function dgemm, where A, B, and  C are matrices and 
 alpha and beta are scalars

 Initializing data for matrix multiplication C=A*B for matrix 
 A(8000x8000) and matrix B(8000x8000)

 Using double 

 Computing matrix product using gemm function via CBLAS interface 

 This example computes real matrix C=alpha*A*B+beta*C using 
 BLAS function dgemm, where A, B, and  C are matrices and 
 alpha and beta are scalars

 Initializing data for matrix multiplication C=A*B for matrix 
 A(8000x8000) and matrix B(8000x8000)

 Using float 

 Computing matrix product using gemm function via CBLAS interface 

 This example computes real matrix C=alpha*A*B+beta*C using 
 BLAS function dgemm, where A, B, and  C are matrices and 
 alpha and beta are scalars

 Initializing data for matrix multiplication C=A*B for matrix 
 A(8000x8000) and matrix B(8000x8000)

 Using double 

 Computing matrix product using gemm function via CBLAS interface 

 This example computes real matrix C=alpha*A*B+beta*C using 
 BLAS function dgemm, where A, B, and  C are matrices and 
 alpha and beta are scalars

 Initializing data for matrix multiplication C=A*B for matrix 
 A(9000x9000) and matrix B(9000x9000)

 Using float 

 Computing matrix product using gemm function via CBLAS interface 

 This example computes real matrix C=alpha*A*B+beta*C using 
 BLAS function dgemm, where A, B, and  C are matrices and 
 alpha and beta are scalars

 Initializing data for matrix multiplication C=A*B for matrix 
 A(9000x9000) and matrix B(9000x9000)

 Using double 

 Computing matrix product using gemm function via CBLAS interface 

 This example computes real matrix C=alpha*A*B+beta*C using 
 BLAS function dgemm, where A, B, and  C are matrices and 
 alpha and beta are scalars

 Initializing data for matrix multiplication C=A*B for matrix 
 A(9000x9000) and matrix B(9000x9000)

 Using float 

 Computing matrix product using gemm function via CBLAS interface 

 This example computes real matrix C=alpha*A*B+beta*C using 
 BLAS function dgemm, where A, B, and  C are matrices and 
 alpha and beta are scalars

 Initializing data for matrix multiplication C=A*B for matrix 
 A(9000x9000) and matrix B(9000x9000)

 Using double 

 Computing matrix product using gemm function via CBLAS interface 

 This example computes real matrix C=alpha*A*B+beta*C using 
 BLAS function dgemm, where A, B, and  C are matrices and 
 alpha and beta are scalars

 Initializing data for matrix multiplication C=A*B for matrix 
 A(9000x9000) and matrix B(9000x9000)

 Using float 

 Computing matrix product using gemm function via CBLAS interface 

 This example computes real matrix C=alpha*A*B+beta*C using 
 BLAS function dgemm, where A, B, and  C are matrices and 
 alpha and beta are scalars

 Initializing data for matrix multiplication C=A*B for matrix 
 A(9000x9000) and matrix B(9000x9000)

 Using double 

 Computing matrix product using gemm function via CBLAS interface 

 This example computes real matrix C=alpha*A*B+beta*C using 
 BLAS function dgemm, where A, B, and  C are matrices and 
 alpha and beta are scalars

 Initializing data for matrix multiplication C=A*B for matrix 
 A(10000x10000) and matrix B(10000x10000)

 Using float 

 Computing matrix product using gemm function via CBLAS interface 

 This example computes real matrix C=alpha*A*B+beta*C using 
 BLAS function dgemm, where A, B, and  C are matrices and 
 alpha and beta are scalars

 Initializing data for matrix multiplication C=A*B for matrix 
 A(10000x10000) and matrix B(10000x10000)

 Using double 

 Computing matrix product using gemm function via CBLAS interface 

 This example computes real matrix C=alpha*A*B+beta*C using 
 BLAS function dgemm, where A, B, and  C are matrices and 
 alpha and beta are scalars

 Initializing data for matrix multiplication C=A*B for matrix 
 A(10000x10000) and matrix B(10000x10000)

 Using float 

 Computing matrix product using gemm function via CBLAS interface 

 This example computes real matrix C=alpha*A*B+beta*C using 
 BLAS function dgemm, where A, B, and  C are matrices and 
 alpha and beta are scalars

 Initializing data for matrix multiplication C=A*B for matrix 
 A(10000x10000) and matrix B(10000x10000)

 Using double 

 Computing matrix product using gemm function via CBLAS interface 

 This example computes real matrix C=alpha*A*B+beta*C using 
 BLAS function dgemm, where A, B, and  C are matrices and 
 alpha and beta are scalars

 Initializing data for matrix multiplication C=A*B for matrix 
 A(10000x10000) and matrix B(10000x10000)

 Using float 

 Computing matrix product using gemm function via CBLAS interface 

 This example computes real matrix C=alpha*A*B+beta*C using 
 BLAS function dgemm, where A, B, and  C are matrices and 
 alpha and beta are scalars

 Initializing data for matrix multiplication C=A*B for matrix 
 A(10000x10000) and matrix B(10000x10000)

 Using double 

 Computing matrix product using gemm function via CBLAS interface 

 This example computes real matrix C=alpha*A*B+beta*C using 
 BLAS function dgemm, where A, B, and  C are matrices and 
 alpha and beta are scalars

 Initializing data for matrix multiplication C=A*B for matrix 
 A(11000x11000) and matrix B(11000x11000)

 Using float 

 Computing matrix product using gemm function via CBLAS interface 

 This example computes real matrix C=alpha*A*B+beta*C using 
 BLAS function dgemm, where A, B, and  C are matrices and 
 alpha and beta are scalars

 Initializing data for matrix multiplication C=A*B for matrix 
 A(11000x11000) and matrix B(11000x11000)

 Using double 

 Computing matrix product using gemm function via CBLAS interface 

 This example computes real matrix C=alpha*A*B+beta*C using 
 BLAS function dgemm, where A, B, and  C are matrices and 
 alpha and beta are scalars

 Initializing data for matrix multiplication C=A*B for matrix 
 A(11000x11000) and matrix B(11000x11000)

 Using float 

 Computing matrix product using gemm function via CBLAS interface 

 This example computes real matrix C=alpha*A*B+beta*C using 
 BLAS function dgemm, where A, B, and  C are matrices and 
 alpha and beta are scalars

 Initializing data for matrix multiplication C=A*B for matrix 
 A(11000x11000) and matrix B(11000x11000)

 Using double 

 Computing matrix product using gemm function via CBLAS interface 

 This example computes real matrix C=alpha*A*B+beta*C using 
 BLAS function dgemm, where A, B, and  C are matrices and 
 alpha and beta are scalars

 Initializing data for matrix multiplication C=A*B for matrix 
 A(11000x11000) and matrix B(11000x11000)

 Using float 

 Computing matrix product using gemm function via CBLAS interface 

 This example computes real matrix C=alpha*A*B+beta*C using 
 BLAS function dgemm, where A, B, and  C are matrices and 
 alpha and beta are scalars

 Initializing data for matrix multiplication C=A*B for matrix 
 A(11000x11000) and matrix B(11000x11000)

 Using double 

 Computing matrix product using gemm function via CBLAS interface 

 This example computes real matrix C=alpha*A*B+beta*C using 
 BLAS function dgemm, where A, B, and  C are matrices and 
 alpha and beta are scalars

 Initializing data for matrix multiplication C=A*B for matrix 
 A(12000x12000) and matrix B(12000x12000)

 Using float 

 Computing matrix product using gemm function via CBLAS interface 

 This example computes real matrix C=alpha*A*B+beta*C using 
 BLAS function dgemm, where A, B, and  C are matrices and 
 alpha and beta are scalars

 Initializing data for matrix multiplication C=A*B for matrix 
 A(12000x12000) and matrix B(12000x12000)

 Using double 

 Computing matrix product using gemm function via CBLAS interface 

 This example computes real matrix C=alpha*A*B+beta*C using 
 BLAS function dgemm, where A, B, and  C are matrices and 
 alpha and beta are scalars

 Initializing data for matrix multiplication C=A*B for matrix 
 A(12000x12000) and matrix B(12000x12000)

 Using float 

 Computing matrix product using gemm function via CBLAS interface 

 This example computes real matrix C=alpha*A*B+beta*C using 
 BLAS function dgemm, where A, B, and  C are matrices and 
 alpha and beta are scalars

 Initializing data for matrix multiplication C=A*B for matrix 
 A(12000x12000) and matrix B(12000x12000)

 Using double 

 Computing matrix product using gemm function via CBLAS interface 

 This example computes real matrix C=alpha*A*B+beta*C using 
 BLAS function dgemm, where A, B, and  C are matrices and 
 alpha and beta are scalars

 Initializing data for matrix multiplication C=A*B for matrix 
 A(12000x12000) and matrix B(12000x12000)

 Using float 

 Computing matrix product using gemm function via CBLAS interface 

 This example computes real matrix C=alpha*A*B+beta*C using 
 BLAS function dgemm, where A, B, and  C are matrices and 
 alpha and beta are scalars

 Initializing data for matrix multiplication C=A*B for matrix 
 A(12000x12000) and matrix B(12000x12000)

 Using double 

 Computing matrix product using gemm function via CBLAS interface 

 This example computes real matrix C=alpha*A*B+beta*C using 
 BLAS function dgemm, where A, B, and  C are matrices and 
 alpha and beta are scalars

 Initializing data for matrix multiplication C=A*B for matrix 
 A(13000x13000) and matrix B(13000x13000)

 Using float 

 Computing matrix product using gemm function via CBLAS interface 

 This example computes real matrix C=alpha*A*B+beta*C using 
 BLAS function dgemm, where A, B, and  C are matrices and 
 alpha and beta are scalars

 Initializing data for matrix multiplication C=A*B for matrix 
 A(13000x13000) and matrix B(13000x13000)

 Using double 

 Computing matrix product using gemm function via CBLAS interface 

 This example computes real matrix C=alpha*A*B+beta*C using 
 BLAS function dgemm, where A, B, and  C are matrices and 
 alpha and beta are scalars

 Initializing data for matrix multiplication C=A*B for matrix 
 A(13000x13000) and matrix B(13000x13000)

 Using float 

 Computing matrix product using gemm function via CBLAS interface 

 This example computes real matrix C=alpha*A*B+beta*C using 
 BLAS function dgemm, where A, B, and  C are matrices and 
 alpha and beta are scalars

 Initializing data for matrix multiplication C=A*B for matrix 
 A(13000x13000) and matrix B(13000x13000)

 Using double 

 Computing matrix product using gemm function via CBLAS interface 

 This example computes real matrix C=alpha*A*B+beta*C using 
 BLAS function dgemm, where A, B, and  C are matrices and 
 alpha and beta are scalars

 Initializing data for matrix multiplication C=A*B for matrix 
 A(13000x13000) and matrix B(13000x13000)

 Using float 

 Computing matrix product using gemm function via CBLAS interface 

 This example computes real matrix C=alpha*A*B+beta*C using 
 BLAS function dgemm, where A, B, and  C are matrices and 
 alpha and beta are scalars

 Initializing data for matrix multiplication C=A*B for matrix 
 A(13000x13000) and matrix B(13000x13000)

 Using double 

 Computing matrix product using gemm function via CBLAS interface 

 This example computes real matrix C=alpha*A*B+beta*C using 
 BLAS function dgemm, where A, B, and  C are matrices and 
 alpha and beta are scalars

 Initializing data for matrix multiplication C=A*B for matrix 
 A(14000x14000) and matrix B(14000x14000)

 Using float 

 Computing matrix product using gemm function via CBLAS interface 

 This example computes real matrix C=alpha*A*B+beta*C using 
 BLAS function dgemm, where A, B, and  C are matrices and 
 alpha and beta are scalars

 Initializing data for matrix multiplication C=A*B for matrix 
 A(14000x14000) and matrix B(14000x14000)

 Using double 

 Computing matrix product using gemm function via CBLAS interface 

 This example computes real matrix C=alpha*A*B+beta*C using 
 BLAS function dgemm, where A, B, and  C are matrices and 
 alpha and beta are scalars

 Initializing data for matrix multiplication C=A*B for matrix 
 A(14000x14000) and matrix B(14000x14000)

 Using float 

 Computing matrix product using gemm function via CBLAS interface 

 This example computes real matrix C=alpha*A*B+beta*C using 
 BLAS function dgemm, where A, B, and  C are matrices and 
 alpha and beta are scalars

 Initializing data for matrix multiplication C=A*B for matrix 
 A(14000x14000) and matrix B(14000x14000)

 Using double 

 Computing matrix product using gemm function via CBLAS interface 

 This example computes real matrix C=alpha*A*B+beta*C using 
 BLAS function dgemm, where A, B, and  C are matrices and 
 alpha and beta are scalars

 Initializing data for matrix multiplication C=A*B for matrix 
 A(14000x14000) and matrix B(14000x14000)

 Using float 

 Computing matrix product using gemm function via CBLAS interface 

 This example computes real matrix C=alpha*A*B+beta*C using 
 BLAS function dgemm, where A, B, and  C are matrices and 
 alpha and beta are scalars

 Initializing data for matrix multiplication C=A*B for matrix 
 A(14000x14000) and matrix B(14000x14000)

 Using double 

 Computing matrix product using gemm function via CBLAS interface 

 This example computes real matrix C=alpha*A*B+beta*C using 
 BLAS function dgemm, where A, B, and  C are matrices and 
 alpha and beta are scalars

 Initializing data for matrix multiplication C=A*B for matrix 
 A(15000x15000) and matrix B(15000x15000)

 Using float 

 Computing matrix product using gemm function via CBLAS interface 

 This example computes real matrix C=alpha*A*B+beta*C using 
 BLAS function dgemm, where A, B, and  C are matrices and 
 alpha and beta are scalars

 Initializing data for matrix multiplication C=A*B for matrix 
 A(15000x15000) and matrix B(15000x15000)

 Using double 

 Computing matrix product using gemm function via CBLAS interface 

 This example computes real matrix C=alpha*A*B+beta*C using 
 BLAS function dgemm, where A, B, and  C are matrices and 
 alpha and beta are scalars

 Initializing data for matrix multiplication C=A*B for matrix 
 A(15000x15000) and matrix B(15000x15000)

 Using float 

 Computing matrix product using gemm function via CBLAS interface 

 This example computes real matrix C=alpha*A*B+beta*C using 
 BLAS function dgemm, where A, B, and  C are matrices and 
 alpha and beta are scalars

 Initializing data for matrix multiplication C=A*B for matrix 
 A(15000x15000) and matrix B(15000x15000)

 Using double 

 Computing matrix product using gemm function via CBLAS interface 

 This example computes real matrix C=alpha*A*B+beta*C using 
 BLAS function dgemm, where A, B, and  C are matrices and 
 alpha and beta are scalars

 Initializing data for matrix multiplication C=A*B for matrix 
 A(15000x15000) and matrix B(15000x15000)

 Using float 

 Computing matrix product using gemm function via CBLAS interface 

 This example computes real matrix C=alpha*A*B+beta*C using 
 BLAS function dgemm, where A, B, and  C are matrices and 
 alpha and beta are scalars

 Initializing data for matrix multiplication C=A*B for matrix 
 A(15000x15000) and matrix B(15000x15000)

 Using double 

 Computing matrix product using gemm function via CBLAS interface 

 This example computes real matrix C=alpha*A*B+beta*C using 
 BLAS function dgemm, where A, B, and  C are matrices and 
 alpha and beta are scalars

 Initializing data for matrix multiplication C=A*B for matrix 
 A(16000x16000) and matrix B(16000x16000)

 Using float 

 Computing matrix product using gemm function via CBLAS interface 

 This example computes real matrix C=alpha*A*B+beta*C using 
 BLAS function dgemm, where A, B, and  C are matrices and 
 alpha and beta are scalars

 Initializing data for matrix multiplication C=A*B for matrix 
 A(16000x16000) and matrix B(16000x16000)

 Using double 

 Computing matrix product using gemm function via CBLAS interface 

 This example computes real matrix C=alpha*A*B+beta*C using 
 BLAS function dgemm, where A, B, and  C are matrices and 
 alpha and beta are scalars

 Initializing data for matrix multiplication C=A*B for matrix 
 A(16000x16000) and matrix B(16000x16000)

 Using float 

 Computing matrix product using gemm function via CBLAS interface 

 This example computes real matrix C=alpha*A*B+beta*C using 
 BLAS function dgemm, where A, B, and  C are matrices and 
 alpha and beta are scalars

 Initializing data for matrix multiplication C=A*B for matrix 
 A(16000x16000) and matrix B(16000x16000)

 Using double 

 Computing matrix product using gemm function via CBLAS interface 

 This example computes real matrix C=alpha*A*B+beta*C using 
 BLAS function dgemm, where A, B, and  C are matrices and 
 alpha and beta are scalars

 Initializing data for matrix multiplication C=A*B for matrix 
 A(16000x16000) and matrix B(16000x16000)

 Using float 

 Computing matrix product using gemm function via CBLAS interface 

 This example computes real matrix C=alpha*A*B+beta*C using 
 BLAS function dgemm, where A, B, and  C are matrices and 
 alpha and beta are scalars

 Initializing data for matrix multiplication C=A*B for matrix 
 A(16000x16000) and matrix B(16000x16000)

 Using double 

 Computing matrix product using gemm function via CBLAS interface 

 This example computes real matrix C=alpha*A*B+beta*C using 
 BLAS function dgemm, where A, B, and  C are matrices and 
 alpha and beta are scalars

 Initializing data for matrix multiplication C=A*B for matrix 
 A(17000x17000) and matrix B(17000x17000)

 Using float 

 Computing matrix product using gemm function via CBLAS interface 

 This example computes real matrix C=alpha*A*B+beta*C using 
 BLAS function dgemm, where A, B, and  C are matrices and 
 alpha and beta are scalars

 Initializing data for matrix multiplication C=A*B for matrix 
 A(17000x17000) and matrix B(17000x17000)

 Using double 

 Computing matrix product using gemm function via CBLAS interface 

 This example computes real matrix C=alpha*A*B+beta*C using 
 BLAS function dgemm, where A, B, and  C are matrices and 
 alpha and beta are scalars

 Initializing data for matrix multiplication C=A*B for matrix 
 A(17000x17000) and matrix B(17000x17000)

 Using float 

 Computing matrix product using gemm function via CBLAS interface 

 This example computes real matrix C=alpha*A*B+beta*C using 
 BLAS function dgemm, where A, B, and  C are matrices and 
 alpha and beta are scalars

 Initializing data for matrix multiplication C=A*B for matrix 
 A(17000x17000) and matrix B(17000x17000)

 Using double 

 Computing matrix product using gemm function via CBLAS interface 

 This example computes real matrix C=alpha*A*B+beta*C using 
 BLAS function dgemm, where A, B, and  C are matrices and 
 alpha and beta are scalars

 Initializing data for matrix multiplication C=A*B for matrix 
 A(17000x17000) and matrix B(17000x17000)

 Using float 

 Computing matrix product using gemm function via CBLAS interface 

 This example computes real matrix C=alpha*A*B+beta*C using 
 BLAS function dgemm, where A, B, and  C are matrices and 
 alpha and beta are scalars

 Initializing data for matrix multiplication C=A*B for matrix 
 A(17000x17000) and matrix B(17000x17000)

 Using double 

 Computing matrix product using gemm function via CBLAS interface 

 This example computes real matrix C=alpha*A*B+beta*C using 
 BLAS function dgemm, where A, B, and  C are matrices and 
 alpha and beta are scalars

 Initializing data for matrix multiplication C=A*B for matrix 
 A(18000x18000) and matrix B(18000x18000)

 Using float 

 Computing matrix product using gemm function via CBLAS interface 

 This example computes real matrix C=alpha*A*B+beta*C using 
 BLAS function dgemm, where A, B, and  C are matrices and 
 alpha and beta are scalars

 Initializing data for matrix multiplication C=A*B for matrix 
 A(18000x18000) and matrix B(18000x18000)

 Using double 

 Computing matrix product using gemm function via CBLAS interface 

 This example computes real matrix C=alpha*A*B+beta*C using 
 BLAS function dgemm, where A, B, and  C are matrices and 
 alpha and beta are scalars

 Initializing data for matrix multiplication C=A*B for matrix 
 A(18000x18000) and matrix B(18000x18000)

 Using float 

 Computing matrix product using gemm function via CBLAS interface 

 This example computes real matrix C=alpha*A*B+beta*C using 
 BLAS function dgemm, where A, B, and  C are matrices and 
 alpha and beta are scalars

 Initializing data for matrix multiplication C=A*B for matrix 
 A(18000x18000) and matrix B(18000x18000)

 Using double 

 Computing matrix product using gemm function via CBLAS interface 

 This example computes real matrix C=alpha*A*B+beta*C using 
 BLAS function dgemm, where A, B, and  C are matrices and 
 alpha and beta are scalars

 Initializing data for matrix multiplication C=A*B for matrix 
 A(18000x18000) and matrix B(18000x18000)

 Using float 

 Computing matrix product using gemm function via CBLAS interface 

 This example computes real matrix C=alpha*A*B+beta*C using 
 BLAS function dgemm, where A, B, and  C are matrices and 
 alpha and beta are scalars

 Initializing data for matrix multiplication C=A*B for matrix 
 A(18000x18000) and matrix B(18000x18000)

 Using double 

 Computing matrix product using gemm function via CBLAS interface 

 This example computes real matrix C=alpha*A*B+beta*C using 
 BLAS function dgemm, where A, B, and  C are matrices and 
 alpha and beta are scalars

 Initializing data for matrix multiplication C=A*B for matrix 
 A(19000x19000) and matrix B(19000x19000)

 Using float 

 Computing matrix product using gemm function via CBLAS interface 

 This example computes real matrix C=alpha*A*B+beta*C using 
 BLAS function dgemm, where A, B, and  C are matrices and 
 alpha and beta are scalars

 Initializing data for matrix multiplication C=A*B for matrix 
 A(19000x19000) and matrix B(19000x19000)

 Using double 

 Computing matrix product using gemm function via CBLAS interface 

 This example computes real matrix C=alpha*A*B+beta*C using 
 BLAS function dgemm, where A, B, and  C are matrices and 
 alpha and beta are scalars

 Initializing data for matrix multiplication C=A*B for matrix 
 A(19000x19000) and matrix B(19000x19000)

 Using float 

 Computing matrix product using gemm function via CBLAS interface 

 This example computes real matrix C=alpha*A*B+beta*C using 
 BLAS function dgemm, where A, B, and  C are matrices and 
 alpha and beta are scalars

 Initializing data for matrix multiplication C=A*B for matrix 
 A(19000x19000) and matrix B(19000x19000)

 Using double 

 Computing matrix product using gemm function via CBLAS interface 

 This example computes real matrix C=alpha*A*B+beta*C using 
 BLAS function dgemm, where A, B, and  C are matrices and 
 alpha and beta are scalars

 Initializing data for matrix multiplication C=A*B for matrix 
 A(19000x19000) and matrix B(19000x19000)

 Using float 

 Computing matrix product using gemm function via CBLAS interface 

 This example computes real matrix C=alpha*A*B+beta*C using 
 BLAS function dgemm, where A, B, and  C are matrices and 
 alpha and beta are scalars

 Initializing data for matrix multiplication C=A*B for matrix 
 A(19000x19000) and matrix B(19000x19000)

 Using double 

 Computing matrix product using gemm function via CBLAS interface 

 This example computes real matrix C=alpha*A*B+beta*C using 
 BLAS function dgemm, where A, B, and  C are matrices and 
 alpha and beta are scalars

 Initializing data for matrix multiplication C=A*B for matrix 
 A(20000x20000) and matrix B(20000x20000)

 Using float 

 Computing matrix product using gemm function via CBLAS interface 

 This example computes real matrix C=alpha*A*B+beta*C using 
 BLAS function dgemm, where A, B, and  C are matrices and 
 alpha and beta are scalars

 Initializing data for matrix multiplication C=A*B for matrix 
 A(20000x20000) and matrix B(20000x20000)

 Using double 

 Computing matrix product using gemm function via CBLAS interface 

 This example computes real matrix C=alpha*A*B+beta*C using 
 BLAS function dgemm, where A, B, and  C are matrices and 
 alpha and beta are scalars

 Initializing data for matrix multiplication C=A*B for matrix 
 A(20000x20000) and matrix B(20000x20000)

 Using float 

 Computing matrix product using gemm function via CBLAS interface 

 This example computes real matrix C=alpha*A*B+beta*C using 
 BLAS function dgemm, where A, B, and  C are matrices and 
 alpha and beta are scalars

 Initializing data for matrix multiplication C=A*B for matrix 
 A(20000x20000) and matrix B(20000x20000)

 Using double 

 Computing matrix product using gemm function via CBLAS interface 

 This example computes real matrix C=alpha*A*B+beta*C using 
 BLAS function dgemm, where A, B, and  C are matrices and 
 alpha and beta are scalars

 Initializing data for matrix multiplication C=A*B for matrix 
 A(20000x20000) and matrix B(20000x20000)

 Using float 

 Computing matrix product using gemm function via CBLAS interface 

 This example computes real matrix C=alpha*A*B+beta*C using 
 BLAS function dgemm, where A, B, and  C are matrices and 
 alpha and beta are scalars

 Initializing data for matrix multiplication C=A*B for matrix 
 A(20000x20000) and matrix B(20000x20000)

 Using double 

 Computing matrix product using gemm function via CBLAS interface 
rm -rf /u/dssc/galess00/exercise2/fixed_cores/thin/spread/*.x
Removing mkl version 2022.2.1
Use `module list` to view any remaining dependent modules.
Removing compiler-rt version 2022.2.1
Use `module list` to view any remaining dependent modules.
Removing tbb version 2021.7.1
Use `module list` to view any remaining dependent modules.
