mkdir -p obj
mpicc -O3 -fopenmp -march=native -g -Iinclude -c src/read_write_pgm.c -o obj/read_write_pgm.o
mkdir -p obj
mpicc -O3 -fopenmp -march=native -g -Iinclude -c src/static_evolution.c -o obj/static_evolution.o
mkdir -p obj
mpicc -O3 -fopenmp -march=native -g -Iinclude -c src/ordered_evolution.c -o obj/ordered_evolution.o
mpicc -O3 -fopenmp -march=native -g -Iinclude -lm main.o obj/read_write_pgm.o obj/static_evolution.o obj/ordered_evolution.o -o /u/dssc/galess00/final_assignment_FHPC/exercise1/thin/mpi_strong_scalability/main.x
/usr/bin/ld: obj/ordered_evolution.o: in function `update_cell_ordered':
/u/dssc/galess00/final_assignment_FHPC/exercise1/src/ordered_evolution.c:9: multiple definition of `update_cell_ordered'; main.o:/orfeo/cephfs/home/dssc/galess00/final_assignment_FHPC/exercise1/include/ordered_evolution.h:7: first defined here
/usr/bin/ld: obj/ordered_evolution.o: in function `ordered_evolution':
/u/dssc/galess00/final_assignment_FHPC/exercise1/src/ordered_evolution.c:42: multiple definition of `ordered_evolution'; main.o:/orfeo/cephfs/home/dssc/galess00/final_assignment_FHPC/exercise1/include/ordered_evolution.h:40: first defined here
collect2: error: ld returned 1 exit status
make: *** [Makefile:14: /u/dssc/galess00/final_assignment_FHPC/exercise1/thin/mpi_strong_scalability/main.x] Error 1
--------------------------------------------------------------------------
mpirun was unable to find the specified executable file, and therefore
did not launch the job.  This error was first reported for process
rank 0; it may have occurred for other processes as well.

NOTE: A common cause for this error is misspelling a mpirun command
      line parameter option (remember that mpirun interprets the first
      unrecognized command line token as the executable).

Node:       thin007
Executable: main.x
--------------------------------------------------------------------------
4 total processes failed to start
--------------------------------------------------------------------------
mpirun was unable to find the specified executable file, and therefore
did not launch the job.  This error was first reported for process
rank 0; it may have occurred for other processes as well.

NOTE: A common cause for this error is misspelling a mpirun command
      line parameter option (remember that mpirun interprets the first
      unrecognized command line token as the executable).

Node:       thin007
Executable: main.x
--------------------------------------------------------------------------
--------------------------------------------------------------------------
mpirun was unable to find the specified executable file, and therefore
did not launch the job.  This error was first reported for process
rank 0; it may have occurred for other processes as well.

NOTE: A common cause for this error is misspelling a mpirun command
      line parameter option (remember that mpirun interprets the first
      unrecognized command line token as the executable).

Node:       thin007
Executable: main.x
--------------------------------------------------------------------------
2 total processes failed to start
--------------------------------------------------------------------------
mpirun was unable to find the specified executable file, and therefore
did not launch the job.  This error was first reported for process
rank 0; it may have occurred for other processes as well.

NOTE: A common cause for this error is misspelling a mpirun command
      line parameter option (remember that mpirun interprets the first
      unrecognized command line token as the executable).

Node:       thin007
Executable: main.x
--------------------------------------------------------------------------
4 total processes failed to start
--------------------------------------------------------------------------
mpirun was unable to find the specified executable file, and therefore
did not launch the job.  This error was first reported for process
rank 0; it may have occurred for other processes as well.

NOTE: A common cause for this error is misspelling a mpirun command
      line parameter option (remember that mpirun interprets the first
      unrecognized command line token as the executable).

Node:       thin007
Executable: main.x
--------------------------------------------------------------------------
6 total processes failed to start
--------------------------------------------------------------------------
mpirun was unable to find the specified executable file, and therefore
did not launch the job.  This error was first reported for process
rank 0; it may have occurred for other processes as well.

NOTE: A common cause for this error is misspelling a mpirun command
      line parameter option (remember that mpirun interprets the first
      unrecognized command line token as the executable).

Node:       thin007
Executable: main.x
--------------------------------------------------------------------------
8 total processes failed to start
--------------------------------------------------------------------------
mpirun was unable to find the specified executable file, and therefore
did not launch the job.  This error was first reported for process
rank 0; it may have occurred for other processes as well.

NOTE: A common cause for this error is misspelling a mpirun command
      line parameter option (remember that mpirun interprets the first
      unrecognized command line token as the executable).

Node:       thin007
Executable: main.x
--------------------------------------------------------------------------
10 total processes failed to start
--------------------------------------------------------------------------
mpirun was unable to find the specified executable file, and therefore
did not launch the job.  This error was first reported for process
rank 0; it may have occurred for other processes as well.

NOTE: A common cause for this error is misspelling a mpirun command
      line parameter option (remember that mpirun interprets the first
      unrecognized command line token as the executable).

Node:       thin007
Executable: main.x
--------------------------------------------------------------------------
12 total processes failed to start
--------------------------------------------------------------------------
mpirun was unable to find the specified executable file, and therefore
did not launch the job.  This error was first reported for process
rank 0; it may have occurred for other processes as well.

NOTE: A common cause for this error is misspelling a mpirun command
      line parameter option (remember that mpirun interprets the first
      unrecognized command line token as the executable).

Node:       thin007
Executable: main.x
--------------------------------------------------------------------------
14 total processes failed to start
--------------------------------------------------------------------------
mpirun was unable to find the specified executable file, and therefore
did not launch the job.  This error was first reported for process
rank 0; it may have occurred for other processes as well.

NOTE: A common cause for this error is misspelling a mpirun command
      line parameter option (remember that mpirun interprets the first
      unrecognized command line token as the executable).

Node:       thin007
Executable: main.x
--------------------------------------------------------------------------
16 total processes failed to start
--------------------------------------------------------------------------
mpirun was unable to find the specified executable file, and therefore
did not launch the job.  This error was first reported for process
rank 0; it may have occurred for other processes as well.

NOTE: A common cause for this error is misspelling a mpirun command
      line parameter option (remember that mpirun interprets the first
      unrecognized command line token as the executable).

Node:       thin007
Executable: main.x
--------------------------------------------------------------------------
18 total processes failed to start
--------------------------------------------------------------------------
mpirun was unable to find the specified executable file, and therefore
did not launch the job.  This error was first reported for process
rank 0; it may have occurred for other processes as well.

NOTE: A common cause for this error is misspelling a mpirun command
      line parameter option (remember that mpirun interprets the first
      unrecognized command line token as the executable).

Node:       thin007
Executable: main.x
--------------------------------------------------------------------------
20 total processes failed to start
--------------------------------------------------------------------------
mpirun was unable to find the specified executable file, and therefore
did not launch the job.  This error was first reported for process
rank 0; it may have occurred for other processes as well.

NOTE: A common cause for this error is misspelling a mpirun command
      line parameter option (remember that mpirun interprets the first
      unrecognized command line token as the executable).

Node:       thin007
Executable: main.x
--------------------------------------------------------------------------
22 total processes failed to start
--------------------------------------------------------------------------
mpirun was unable to find the specified executable file, and therefore
did not launch the job.  This error was first reported for process
rank 0; it may have occurred for other processes as well.

NOTE: A common cause for this error is misspelling a mpirun command
      line parameter option (remember that mpirun interprets the first
      unrecognized command line token as the executable).

Node:       thin007
Executable: main.x
--------------------------------------------------------------------------
24 total processes failed to start
--------------------------------------------------------------------------
mpirun was unable to find the specified executable file, and therefore
did not launch the job.  This error was first reported for process
rank 0; it may have occurred for other processes as well.

NOTE: A common cause for this error is misspelling a mpirun command
      line parameter option (remember that mpirun interprets the first
      unrecognized command line token as the executable).

Node:       thin007
Executable: main.x
--------------------------------------------------------------------------
26 total processes failed to start
--------------------------------------------------------------------------
mpirun was unable to find the specified executable file, and therefore
did not launch the job.  This error was first reported for process
rank 0; it may have occurred for other processes as well.

NOTE: A common cause for this error is misspelling a mpirun command
      line parameter option (remember that mpirun interprets the first
      unrecognized command line token as the executable).

Node:       thin007
Executable: main.x
--------------------------------------------------------------------------
28 total processes failed to start
--------------------------------------------------------------------------
mpirun was unable to find the specified executable file, and therefore
did not launch the job.  This error was first reported for process
rank 0; it may have occurred for other processes as well.

NOTE: A common cause for this error is misspelling a mpirun command
      line parameter option (remember that mpirun interprets the first
      unrecognized command line token as the executable).

Node:       thin007
Executable: main.x
--------------------------------------------------------------------------
30 total processes failed to start
--------------------------------------------------------------------------
mpirun was unable to find the specified executable file, and therefore
did not launch the job.  This error was first reported for process
rank 0; it may have occurred for other processes as well.

NOTE: A common cause for this error is misspelling a mpirun command
      line parameter option (remember that mpirun interprets the first
      unrecognized command line token as the executable).

Node:       thin007
Executable: main.x
--------------------------------------------------------------------------
32 total processes failed to start
--------------------------------------------------------------------------
mpirun was unable to find the specified executable file, and therefore
did not launch the job.  This error was first reported for process
rank 0; it may have occurred for other processes as well.

NOTE: A common cause for this error is misspelling a mpirun command
      line parameter option (remember that mpirun interprets the first
      unrecognized command line token as the executable).

Node:       thin007
Executable: main.x
--------------------------------------------------------------------------
34 total processes failed to start
--------------------------------------------------------------------------
mpirun was unable to find the specified executable file, and therefore
did not launch the job.  This error was first reported for process
rank 0; it may have occurred for other processes as well.

NOTE: A common cause for this error is misspelling a mpirun command
      line parameter option (remember that mpirun interprets the first
      unrecognized command line token as the executable).

Node:       thin007
Executable: main.x
--------------------------------------------------------------------------
36 total processes failed to start
--------------------------------------------------------------------------
mpirun was unable to find the specified executable file, and therefore
did not launch the job.  This error was first reported for process
rank 0; it may have occurred for other processes as well.

NOTE: A common cause for this error is misspelling a mpirun command
      line parameter option (remember that mpirun interprets the first
      unrecognized command line token as the executable).

Node:       thin007
Executable: main.x
--------------------------------------------------------------------------
38 total processes failed to start
--------------------------------------------------------------------------
mpirun was unable to find the specified executable file, and therefore
did not launch the job.  This error was first reported for process
rank 0; it may have occurred for other processes as well.

NOTE: A common cause for this error is misspelling a mpirun command
      line parameter option (remember that mpirun interprets the first
      unrecognized command line token as the executable).

Node:       thin007
Executable: main.x
--------------------------------------------------------------------------
40 total processes failed to start
--------------------------------------------------------------------------
mpirun was unable to find the specified executable file, and therefore
did not launch the job.  This error was first reported for process
rank 0; it may have occurred for other processes as well.

NOTE: A common cause for this error is misspelling a mpirun command
      line parameter option (remember that mpirun interprets the first
      unrecognized command line token as the executable).

Node:       thin007
Executable: main.x
--------------------------------------------------------------------------
42 total processes failed to start
--------------------------------------------------------------------------
mpirun was unable to find the specified executable file, and therefore
did not launch the job.  This error was first reported for process
rank 0; it may have occurred for other processes as well.

NOTE: A common cause for this error is misspelling a mpirun command
      line parameter option (remember that mpirun interprets the first
      unrecognized command line token as the executable).

Node:       thin007
Executable: main.x
--------------------------------------------------------------------------
44 total processes failed to start
--------------------------------------------------------------------------
mpirun was unable to find the specified executable file, and therefore
did not launch the job.  This error was first reported for process
rank 0; it may have occurred for other processes as well.

NOTE: A common cause for this error is misspelling a mpirun command
      line parameter option (remember that mpirun interprets the first
      unrecognized command line token as the executable).

Node:       thin007
Executable: main.x
--------------------------------------------------------------------------
46 total processes failed to start
--------------------------------------------------------------------------
mpirun was unable to find the specified executable file, and therefore
did not launch the job.  This error was first reported for process
rank 0; it may have occurred for other processes as well.

NOTE: A common cause for this error is misspelling a mpirun command
      line parameter option (remember that mpirun interprets the first
      unrecognized command line token as the executable).

Node:       thin007
Executable: main.x
--------------------------------------------------------------------------
48 total processes failed to start
--------------------------------------------------------------------------
mpirun was unable to find the specified executable file, and therefore
did not launch the job.  This error was first reported for process
rank 0; it may have occurred for other processes as well.

NOTE: A common cause for this error is misspelling a mpirun command
      line parameter option (remember that mpirun interprets the first
      unrecognized command line token as the executable).

Node:       thin007
Executable: main.x
--------------------------------------------------------------------------
4 total processes failed to start
--------------------------------------------------------------------------
mpirun was unable to find the specified executable file, and therefore
did not launch the job.  This error was first reported for process
rank 0; it may have occurred for other processes as well.

NOTE: A common cause for this error is misspelling a mpirun command
      line parameter option (remember that mpirun interprets the first
      unrecognized command line token as the executable).

Node:       thin007
Executable: main.x
--------------------------------------------------------------------------
--------------------------------------------------------------------------
mpirun was unable to find the specified executable file, and therefore
did not launch the job.  This error was first reported for process
rank 0; it may have occurred for other processes as well.

NOTE: A common cause for this error is misspelling a mpirun command
      line parameter option (remember that mpirun interprets the first
      unrecognized command line token as the executable).

Node:       thin007
Executable: main.x
--------------------------------------------------------------------------
2 total processes failed to start
--------------------------------------------------------------------------
mpirun was unable to find the specified executable file, and therefore
did not launch the job.  This error was first reported for process
rank 0; it may have occurred for other processes as well.

NOTE: A common cause for this error is misspelling a mpirun command
      line parameter option (remember that mpirun interprets the first
      unrecognized command line token as the executable).

Node:       thin007
Executable: main.x
--------------------------------------------------------------------------
4 total processes failed to start
--------------------------------------------------------------------------
mpirun was unable to find the specified executable file, and therefore
did not launch the job.  This error was first reported for process
rank 0; it may have occurred for other processes as well.

NOTE: A common cause for this error is misspelling a mpirun command
      line parameter option (remember that mpirun interprets the first
      unrecognized command line token as the executable).

Node:       thin007
Executable: main.x
--------------------------------------------------------------------------
6 total processes failed to start
--------------------------------------------------------------------------
mpirun was unable to find the specified executable file, and therefore
did not launch the job.  This error was first reported for process
rank 0; it may have occurred for other processes as well.

NOTE: A common cause for this error is misspelling a mpirun command
      line parameter option (remember that mpirun interprets the first
      unrecognized command line token as the executable).

Node:       thin007
Executable: main.x
--------------------------------------------------------------------------
8 total processes failed to start
--------------------------------------------------------------------------
mpirun was unable to find the specified executable file, and therefore
did not launch the job.  This error was first reported for process
rank 0; it may have occurred for other processes as well.

NOTE: A common cause for this error is misspelling a mpirun command
      line parameter option (remember that mpirun interprets the first
      unrecognized command line token as the executable).

Node:       thin007
Executable: main.x
--------------------------------------------------------------------------
10 total processes failed to start
--------------------------------------------------------------------------
mpirun was unable to find the specified executable file, and therefore
did not launch the job.  This error was first reported for process
rank 0; it may have occurred for other processes as well.

NOTE: A common cause for this error is misspelling a mpirun command
      line parameter option (remember that mpirun interprets the first
      unrecognized command line token as the executable).

Node:       thin007
Executable: main.x
--------------------------------------------------------------------------
12 total processes failed to start
--------------------------------------------------------------------------
mpirun was unable to find the specified executable file, and therefore
did not launch the job.  This error was first reported for process
rank 0; it may have occurred for other processes as well.

NOTE: A common cause for this error is misspelling a mpirun command
      line parameter option (remember that mpirun interprets the first
      unrecognized command line token as the executable).

Node:       thin007
Executable: main.x
--------------------------------------------------------------------------
14 total processes failed to start
--------------------------------------------------------------------------
mpirun was unable to find the specified executable file, and therefore
did not launch the job.  This error was first reported for process
rank 0; it may have occurred for other processes as well.

NOTE: A common cause for this error is misspelling a mpirun command
      line parameter option (remember that mpirun interprets the first
      unrecognized command line token as the executable).

Node:       thin007
Executable: main.x
--------------------------------------------------------------------------
16 total processes failed to start
--------------------------------------------------------------------------
mpirun was unable to find the specified executable file, and therefore
did not launch the job.  This error was first reported for process
rank 0; it may have occurred for other processes as well.

NOTE: A common cause for this error is misspelling a mpirun command
      line parameter option (remember that mpirun interprets the first
      unrecognized command line token as the executable).

Node:       thin007
Executable: main.x
--------------------------------------------------------------------------
18 total processes failed to start
--------------------------------------------------------------------------
mpirun was unable to find the specified executable file, and therefore
did not launch the job.  This error was first reported for process
rank 0; it may have occurred for other processes as well.

NOTE: A common cause for this error is misspelling a mpirun command
      line parameter option (remember that mpirun interprets the first
      unrecognized command line token as the executable).

Node:       thin007
Executable: main.x
--------------------------------------------------------------------------
20 total processes failed to start
--------------------------------------------------------------------------
mpirun was unable to find the specified executable file, and therefore
did not launch the job.  This error was first reported for process
rank 0; it may have occurred for other processes as well.

NOTE: A common cause for this error is misspelling a mpirun command
      line parameter option (remember that mpirun interprets the first
      unrecognized command line token as the executable).

Node:       thin007
Executable: main.x
--------------------------------------------------------------------------
22 total processes failed to start
--------------------------------------------------------------------------
mpirun was unable to find the specified executable file, and therefore
did not launch the job.  This error was first reported for process
rank 0; it may have occurred for other processes as well.

NOTE: A common cause for this error is misspelling a mpirun command
      line parameter option (remember that mpirun interprets the first
      unrecognized command line token as the executable).

Node:       thin007
Executable: main.x
--------------------------------------------------------------------------
24 total processes failed to start
--------------------------------------------------------------------------
mpirun was unable to find the specified executable file, and therefore
did not launch the job.  This error was first reported for process
rank 0; it may have occurred for other processes as well.

NOTE: A common cause for this error is misspelling a mpirun command
      line parameter option (remember that mpirun interprets the first
      unrecognized command line token as the executable).

Node:       thin007
Executable: main.x
--------------------------------------------------------------------------
26 total processes failed to start
--------------------------------------------------------------------------
mpirun was unable to find the specified executable file, and therefore
did not launch the job.  This error was first reported for process
rank 0; it may have occurred for other processes as well.

NOTE: A common cause for this error is misspelling a mpirun command
      line parameter option (remember that mpirun interprets the first
      unrecognized command line token as the executable).

Node:       thin007
Executable: main.x
--------------------------------------------------------------------------
28 total processes failed to start
--------------------------------------------------------------------------
mpirun was unable to find the specified executable file, and therefore
did not launch the job.  This error was first reported for process
rank 0; it may have occurred for other processes as well.

NOTE: A common cause for this error is misspelling a mpirun command
      line parameter option (remember that mpirun interprets the first
      unrecognized command line token as the executable).

Node:       thin007
Executable: main.x
--------------------------------------------------------------------------
30 total processes failed to start
--------------------------------------------------------------------------
mpirun was unable to find the specified executable file, and therefore
did not launch the job.  This error was first reported for process
rank 0; it may have occurred for other processes as well.

NOTE: A common cause for this error is misspelling a mpirun command
      line parameter option (remember that mpirun interprets the first
      unrecognized command line token as the executable).

Node:       thin007
Executable: main.x
--------------------------------------------------------------------------
32 total processes failed to start
--------------------------------------------------------------------------
mpirun was unable to find the specified executable file, and therefore
did not launch the job.  This error was first reported for process
rank 0; it may have occurred for other processes as well.

NOTE: A common cause for this error is misspelling a mpirun command
      line parameter option (remember that mpirun interprets the first
      unrecognized command line token as the executable).

Node:       thin007
Executable: main.x
--------------------------------------------------------------------------
34 total processes failed to start
--------------------------------------------------------------------------
mpirun was unable to find the specified executable file, and therefore
did not launch the job.  This error was first reported for process
rank 0; it may have occurred for other processes as well.

NOTE: A common cause for this error is misspelling a mpirun command
      line parameter option (remember that mpirun interprets the first
      unrecognized command line token as the executable).

Node:       thin007
Executable: main.x
--------------------------------------------------------------------------
36 total processes failed to start
--------------------------------------------------------------------------
mpirun was unable to find the specified executable file, and therefore
did not launch the job.  This error was first reported for process
rank 0; it may have occurred for other processes as well.

NOTE: A common cause for this error is misspelling a mpirun command
      line parameter option (remember that mpirun interprets the first
      unrecognized command line token as the executable).

Node:       thin007
Executable: main.x
--------------------------------------------------------------------------
38 total processes failed to start
--------------------------------------------------------------------------
mpirun was unable to find the specified executable file, and therefore
did not launch the job.  This error was first reported for process
rank 0; it may have occurred for other processes as well.

NOTE: A common cause for this error is misspelling a mpirun command
      line parameter option (remember that mpirun interprets the first
      unrecognized command line token as the executable).

Node:       thin007
Executable: main.x
--------------------------------------------------------------------------
40 total processes failed to start
--------------------------------------------------------------------------
mpirun was unable to find the specified executable file, and therefore
did not launch the job.  This error was first reported for process
rank 0; it may have occurred for other processes as well.

NOTE: A common cause for this error is misspelling a mpirun command
      line parameter option (remember that mpirun interprets the first
      unrecognized command line token as the executable).

Node:       thin007
Executable: main.x
--------------------------------------------------------------------------
42 total processes failed to start
--------------------------------------------------------------------------
mpirun was unable to find the specified executable file, and therefore
did not launch the job.  This error was first reported for process
rank 0; it may have occurred for other processes as well.

NOTE: A common cause for this error is misspelling a mpirun command
      line parameter option (remember that mpirun interprets the first
      unrecognized command line token as the executable).

Node:       thin007
Executable: main.x
--------------------------------------------------------------------------
44 total processes failed to start
--------------------------------------------------------------------------
mpirun was unable to find the specified executable file, and therefore
did not launch the job.  This error was first reported for process
rank 0; it may have occurred for other processes as well.

NOTE: A common cause for this error is misspelling a mpirun command
      line parameter option (remember that mpirun interprets the first
      unrecognized command line token as the executable).

Node:       thin007
Executable: main.x
--------------------------------------------------------------------------
46 total processes failed to start
--------------------------------------------------------------------------
mpirun was unable to find the specified executable file, and therefore
did not launch the job.  This error was first reported for process
rank 0; it may have occurred for other processes as well.

NOTE: A common cause for this error is misspelling a mpirun command
      line parameter option (remember that mpirun interprets the first
      unrecognized command line token as the executable).

Node:       thin007
Executable: main.x
--------------------------------------------------------------------------
48 total processes failed to start
--------------------------------------------------------------------------
mpirun was unable to find the specified executable file, and therefore
did not launch the job.  This error was first reported for process
rank 0; it may have occurred for other processes as well.

NOTE: A common cause for this error is misspelling a mpirun command
      line parameter option (remember that mpirun interprets the first
      unrecognized command line token as the executable).

Node:       thin007
Executable: main.x
--------------------------------------------------------------------------
4 total processes failed to start
--------------------------------------------------------------------------
mpirun was unable to find the specified executable file, and therefore
did not launch the job.  This error was first reported for process
rank 0; it may have occurred for other processes as well.

NOTE: A common cause for this error is misspelling a mpirun command
      line parameter option (remember that mpirun interprets the first
      unrecognized command line token as the executable).

Node:       thin007
Executable: main.x
--------------------------------------------------------------------------
--------------------------------------------------------------------------
mpirun was unable to find the specified executable file, and therefore
did not launch the job.  This error was first reported for process
rank 0; it may have occurred for other processes as well.

NOTE: A common cause for this error is misspelling a mpirun command
      line parameter option (remember that mpirun interprets the first
      unrecognized command line token as the executable).

Node:       thin007
Executable: main.x
--------------------------------------------------------------------------
2 total processes failed to start
--------------------------------------------------------------------------
mpirun was unable to find the specified executable file, and therefore
did not launch the job.  This error was first reported for process
rank 0; it may have occurred for other processes as well.

NOTE: A common cause for this error is misspelling a mpirun command
      line parameter option (remember that mpirun interprets the first
      unrecognized command line token as the executable).

Node:       thin007
Executable: main.x
--------------------------------------------------------------------------
4 total processes failed to start
--------------------------------------------------------------------------
mpirun was unable to find the specified executable file, and therefore
did not launch the job.  This error was first reported for process
rank 0; it may have occurred for other processes as well.

NOTE: A common cause for this error is misspelling a mpirun command
      line parameter option (remember that mpirun interprets the first
      unrecognized command line token as the executable).

Node:       thin007
Executable: main.x
--------------------------------------------------------------------------
6 total processes failed to start
--------------------------------------------------------------------------
mpirun was unable to find the specified executable file, and therefore
did not launch the job.  This error was first reported for process
rank 0; it may have occurred for other processes as well.

NOTE: A common cause for this error is misspelling a mpirun command
      line parameter option (remember that mpirun interprets the first
      unrecognized command line token as the executable).

Node:       thin007
Executable: main.x
--------------------------------------------------------------------------
8 total processes failed to start
--------------------------------------------------------------------------
mpirun was unable to find the specified executable file, and therefore
did not launch the job.  This error was first reported for process
rank 0; it may have occurred for other processes as well.

NOTE: A common cause for this error is misspelling a mpirun command
      line parameter option (remember that mpirun interprets the first
      unrecognized command line token as the executable).

Node:       thin007
Executable: main.x
--------------------------------------------------------------------------
10 total processes failed to start
--------------------------------------------------------------------------
mpirun was unable to find the specified executable file, and therefore
did not launch the job.  This error was first reported for process
rank 0; it may have occurred for other processes as well.

NOTE: A common cause for this error is misspelling a mpirun command
      line parameter option (remember that mpirun interprets the first
      unrecognized command line token as the executable).

Node:       thin007
Executable: main.x
--------------------------------------------------------------------------
12 total processes failed to start
--------------------------------------------------------------------------
mpirun was unable to find the specified executable file, and therefore
did not launch the job.  This error was first reported for process
rank 0; it may have occurred for other processes as well.

NOTE: A common cause for this error is misspelling a mpirun command
      line parameter option (remember that mpirun interprets the first
      unrecognized command line token as the executable).

Node:       thin007
Executable: main.x
--------------------------------------------------------------------------
14 total processes failed to start
--------------------------------------------------------------------------
mpirun was unable to find the specified executable file, and therefore
did not launch the job.  This error was first reported for process
rank 0; it may have occurred for other processes as well.

NOTE: A common cause for this error is misspelling a mpirun command
      line parameter option (remember that mpirun interprets the first
      unrecognized command line token as the executable).

Node:       thin007
Executable: main.x
--------------------------------------------------------------------------
16 total processes failed to start
--------------------------------------------------------------------------
mpirun was unable to find the specified executable file, and therefore
did not launch the job.  This error was first reported for process
rank 0; it may have occurred for other processes as well.

NOTE: A common cause for this error is misspelling a mpirun command
      line parameter option (remember that mpirun interprets the first
      unrecognized command line token as the executable).

Node:       thin007
Executable: main.x
--------------------------------------------------------------------------
18 total processes failed to start
--------------------------------------------------------------------------
mpirun was unable to find the specified executable file, and therefore
did not launch the job.  This error was first reported for process
rank 0; it may have occurred for other processes as well.

NOTE: A common cause for this error is misspelling a mpirun command
      line parameter option (remember that mpirun interprets the first
      unrecognized command line token as the executable).

Node:       thin007
Executable: main.x
--------------------------------------------------------------------------
20 total processes failed to start
--------------------------------------------------------------------------
mpirun was unable to find the specified executable file, and therefore
did not launch the job.  This error was first reported for process
rank 0; it may have occurred for other processes as well.

NOTE: A common cause for this error is misspelling a mpirun command
      line parameter option (remember that mpirun interprets the first
      unrecognized command line token as the executable).

Node:       thin007
Executable: main.x
--------------------------------------------------------------------------
22 total processes failed to start
--------------------------------------------------------------------------
mpirun was unable to find the specified executable file, and therefore
did not launch the job.  This error was first reported for process
rank 0; it may have occurred for other processes as well.

NOTE: A common cause for this error is misspelling a mpirun command
      line parameter option (remember that mpirun interprets the first
      unrecognized command line token as the executable).

Node:       thin007
Executable: main.x
--------------------------------------------------------------------------
24 total processes failed to start
--------------------------------------------------------------------------
mpirun was unable to find the specified executable file, and therefore
did not launch the job.  This error was first reported for process
rank 0; it may have occurred for other processes as well.

NOTE: A common cause for this error is misspelling a mpirun command
      line parameter option (remember that mpirun interprets the first
      unrecognized command line token as the executable).

Node:       thin007
Executable: main.x
--------------------------------------------------------------------------
26 total processes failed to start
--------------------------------------------------------------------------
mpirun was unable to find the specified executable file, and therefore
did not launch the job.  This error was first reported for process
rank 0; it may have occurred for other processes as well.

NOTE: A common cause for this error is misspelling a mpirun command
      line parameter option (remember that mpirun interprets the first
      unrecognized command line token as the executable).

Node:       thin007
Executable: main.x
--------------------------------------------------------------------------
28 total processes failed to start
--------------------------------------------------------------------------
mpirun was unable to find the specified executable file, and therefore
did not launch the job.  This error was first reported for process
rank 0; it may have occurred for other processes as well.

NOTE: A common cause for this error is misspelling a mpirun command
      line parameter option (remember that mpirun interprets the first
      unrecognized command line token as the executable).

Node:       thin007
Executable: main.x
--------------------------------------------------------------------------
30 total processes failed to start
--------------------------------------------------------------------------
mpirun was unable to find the specified executable file, and therefore
did not launch the job.  This error was first reported for process
rank 0; it may have occurred for other processes as well.

NOTE: A common cause for this error is misspelling a mpirun command
      line parameter option (remember that mpirun interprets the first
      unrecognized command line token as the executable).

Node:       thin007
Executable: main.x
--------------------------------------------------------------------------
32 total processes failed to start
--------------------------------------------------------------------------
mpirun was unable to find the specified executable file, and therefore
did not launch the job.  This error was first reported for process
rank 0; it may have occurred for other processes as well.

NOTE: A common cause for this error is misspelling a mpirun command
      line parameter option (remember that mpirun interprets the first
      unrecognized command line token as the executable).

Node:       thin007
Executable: main.x
--------------------------------------------------------------------------
34 total processes failed to start
--------------------------------------------------------------------------
mpirun was unable to find the specified executable file, and therefore
did not launch the job.  This error was first reported for process
rank 0; it may have occurred for other processes as well.

NOTE: A common cause for this error is misspelling a mpirun command
      line parameter option (remember that mpirun interprets the first
      unrecognized command line token as the executable).

Node:       thin007
Executable: main.x
--------------------------------------------------------------------------
36 total processes failed to start
--------------------------------------------------------------------------
mpirun was unable to find the specified executable file, and therefore
did not launch the job.  This error was first reported for process
rank 0; it may have occurred for other processes as well.

NOTE: A common cause for this error is misspelling a mpirun command
      line parameter option (remember that mpirun interprets the first
      unrecognized command line token as the executable).

Node:       thin007
Executable: main.x
--------------------------------------------------------------------------
38 total processes failed to start
--------------------------------------------------------------------------
mpirun was unable to find the specified executable file, and therefore
did not launch the job.  This error was first reported for process
rank 0; it may have occurred for other processes as well.

NOTE: A common cause for this error is misspelling a mpirun command
      line parameter option (remember that mpirun interprets the first
      unrecognized command line token as the executable).

Node:       thin007
Executable: main.x
--------------------------------------------------------------------------
40 total processes failed to start
--------------------------------------------------------------------------
mpirun was unable to find the specified executable file, and therefore
did not launch the job.  This error was first reported for process
rank 0; it may have occurred for other processes as well.

NOTE: A common cause for this error is misspelling a mpirun command
      line parameter option (remember that mpirun interprets the first
      unrecognized command line token as the executable).

Node:       thin007
Executable: main.x
--------------------------------------------------------------------------
42 total processes failed to start
--------------------------------------------------------------------------
mpirun was unable to find the specified executable file, and therefore
did not launch the job.  This error was first reported for process
rank 0; it may have occurred for other processes as well.

NOTE: A common cause for this error is misspelling a mpirun command
      line parameter option (remember that mpirun interprets the first
      unrecognized command line token as the executable).

Node:       thin007
Executable: main.x
--------------------------------------------------------------------------
44 total processes failed to start
--------------------------------------------------------------------------
mpirun was unable to find the specified executable file, and therefore
did not launch the job.  This error was first reported for process
rank 0; it may have occurred for other processes as well.

NOTE: A common cause for this error is misspelling a mpirun command
      line parameter option (remember that mpirun interprets the first
      unrecognized command line token as the executable).

Node:       thin007
Executable: main.x
--------------------------------------------------------------------------
46 total processes failed to start
--------------------------------------------------------------------------
mpirun was unable to find the specified executable file, and therefore
did not launch the job.  This error was first reported for process
rank 0; it may have occurred for other processes as well.

NOTE: A common cause for this error is misspelling a mpirun command
      line parameter option (remember that mpirun interprets the first
      unrecognized command line token as the executable).

Node:       thin007
Executable: main.x
--------------------------------------------------------------------------
48 total processes failed to start
--------------------------------------------------------------------------
mpirun was unable to find the specified executable file, and therefore
did not launch the job.  This error was first reported for process
rank 0; it may have occurred for other processes as well.

NOTE: A common cause for this error is misspelling a mpirun command
      line parameter option (remember that mpirun interprets the first
      unrecognized command line token as the executable).

Node:       thin007
Executable: main.x
--------------------------------------------------------------------------
4 total processes failed to start
--------------------------------------------------------------------------
mpirun was unable to find the specified executable file, and therefore
did not launch the job.  This error was first reported for process
rank 0; it may have occurred for other processes as well.

NOTE: A common cause for this error is misspelling a mpirun command
      line parameter option (remember that mpirun interprets the first
      unrecognized command line token as the executable).

Node:       thin007
Executable: main.x
--------------------------------------------------------------------------
--------------------------------------------------------------------------
mpirun was unable to find the specified executable file, and therefore
did not launch the job.  This error was first reported for process
rank 0; it may have occurred for other processes as well.

NOTE: A common cause for this error is misspelling a mpirun command
      line parameter option (remember that mpirun interprets the first
      unrecognized command line token as the executable).

Node:       thin007
Executable: main.x
--------------------------------------------------------------------------
2 total processes failed to start
--------------------------------------------------------------------------
mpirun was unable to find the specified executable file, and therefore
did not launch the job.  This error was first reported for process
rank 0; it may have occurred for other processes as well.

NOTE: A common cause for this error is misspelling a mpirun command
      line parameter option (remember that mpirun interprets the first
      unrecognized command line token as the executable).

Node:       thin007
Executable: main.x
--------------------------------------------------------------------------
4 total processes failed to start
--------------------------------------------------------------------------
mpirun was unable to find the specified executable file, and therefore
did not launch the job.  This error was first reported for process
rank 0; it may have occurred for other processes as well.

NOTE: A common cause for this error is misspelling a mpirun command
      line parameter option (remember that mpirun interprets the first
      unrecognized command line token as the executable).

Node:       thin007
Executable: main.x
--------------------------------------------------------------------------
6 total processes failed to start
--------------------------------------------------------------------------
mpirun was unable to find the specified executable file, and therefore
did not launch the job.  This error was first reported for process
rank 0; it may have occurred for other processes as well.

NOTE: A common cause for this error is misspelling a mpirun command
      line parameter option (remember that mpirun interprets the first
      unrecognized command line token as the executable).

Node:       thin007
Executable: main.x
--------------------------------------------------------------------------
8 total processes failed to start
--------------------------------------------------------------------------
mpirun was unable to find the specified executable file, and therefore
did not launch the job.  This error was first reported for process
rank 0; it may have occurred for other processes as well.

NOTE: A common cause for this error is misspelling a mpirun command
      line parameter option (remember that mpirun interprets the first
      unrecognized command line token as the executable).

Node:       thin007
Executable: main.x
--------------------------------------------------------------------------
10 total processes failed to start
--------------------------------------------------------------------------
mpirun was unable to find the specified executable file, and therefore
did not launch the job.  This error was first reported for process
rank 0; it may have occurred for other processes as well.

NOTE: A common cause for this error is misspelling a mpirun command
      line parameter option (remember that mpirun interprets the first
      unrecognized command line token as the executable).

Node:       thin007
Executable: main.x
--------------------------------------------------------------------------
12 total processes failed to start
--------------------------------------------------------------------------
mpirun was unable to find the specified executable file, and therefore
did not launch the job.  This error was first reported for process
rank 0; it may have occurred for other processes as well.

NOTE: A common cause for this error is misspelling a mpirun command
      line parameter option (remember that mpirun interprets the first
      unrecognized command line token as the executable).

Node:       thin007
Executable: main.x
--------------------------------------------------------------------------
14 total processes failed to start
--------------------------------------------------------------------------
mpirun was unable to find the specified executable file, and therefore
did not launch the job.  This error was first reported for process
rank 0; it may have occurred for other processes as well.

NOTE: A common cause for this error is misspelling a mpirun command
      line parameter option (remember that mpirun interprets the first
      unrecognized command line token as the executable).

Node:       thin007
Executable: main.x
--------------------------------------------------------------------------
16 total processes failed to start
--------------------------------------------------------------------------
mpirun was unable to find the specified executable file, and therefore
did not launch the job.  This error was first reported for process
rank 0; it may have occurred for other processes as well.

NOTE: A common cause for this error is misspelling a mpirun command
      line parameter option (remember that mpirun interprets the first
      unrecognized command line token as the executable).

Node:       thin007
Executable: main.x
--------------------------------------------------------------------------
18 total processes failed to start
--------------------------------------------------------------------------
mpirun was unable to find the specified executable file, and therefore
did not launch the job.  This error was first reported for process
rank 0; it may have occurred for other processes as well.

NOTE: A common cause for this error is misspelling a mpirun command
      line parameter option (remember that mpirun interprets the first
      unrecognized command line token as the executable).

Node:       thin007
Executable: main.x
--------------------------------------------------------------------------
20 total processes failed to start
--------------------------------------------------------------------------
mpirun was unable to find the specified executable file, and therefore
did not launch the job.  This error was first reported for process
rank 0; it may have occurred for other processes as well.

NOTE: A common cause for this error is misspelling a mpirun command
      line parameter option (remember that mpirun interprets the first
      unrecognized command line token as the executable).

Node:       thin007
Executable: main.x
--------------------------------------------------------------------------
22 total processes failed to start
--------------------------------------------------------------------------
mpirun was unable to find the specified executable file, and therefore
did not launch the job.  This error was first reported for process
rank 0; it may have occurred for other processes as well.

NOTE: A common cause for this error is misspelling a mpirun command
      line parameter option (remember that mpirun interprets the first
      unrecognized command line token as the executable).

Node:       thin007
Executable: main.x
--------------------------------------------------------------------------
24 total processes failed to start
--------------------------------------------------------------------------
mpirun was unable to find the specified executable file, and therefore
did not launch the job.  This error was first reported for process
rank 0; it may have occurred for other processes as well.

NOTE: A common cause for this error is misspelling a mpirun command
      line parameter option (remember that mpirun interprets the first
      unrecognized command line token as the executable).

Node:       thin007
Executable: main.x
--------------------------------------------------------------------------
26 total processes failed to start
--------------------------------------------------------------------------
mpirun was unable to find the specified executable file, and therefore
did not launch the job.  This error was first reported for process
rank 0; it may have occurred for other processes as well.

NOTE: A common cause for this error is misspelling a mpirun command
      line parameter option (remember that mpirun interprets the first
      unrecognized command line token as the executable).

Node:       thin007
Executable: main.x
--------------------------------------------------------------------------
28 total processes failed to start
--------------------------------------------------------------------------
mpirun was unable to find the specified executable file, and therefore
did not launch the job.  This error was first reported for process
rank 0; it may have occurred for other processes as well.

NOTE: A common cause for this error is misspelling a mpirun command
      line parameter option (remember that mpirun interprets the first
      unrecognized command line token as the executable).

Node:       thin007
Executable: main.x
--------------------------------------------------------------------------
30 total processes failed to start
--------------------------------------------------------------------------
mpirun was unable to find the specified executable file, and therefore
did not launch the job.  This error was first reported for process
rank 0; it may have occurred for other processes as well.

NOTE: A common cause for this error is misspelling a mpirun command
      line parameter option (remember that mpirun interprets the first
      unrecognized command line token as the executable).

Node:       thin007
Executable: main.x
--------------------------------------------------------------------------
32 total processes failed to start
--------------------------------------------------------------------------
mpirun was unable to find the specified executable file, and therefore
did not launch the job.  This error was first reported for process
rank 0; it may have occurred for other processes as well.

NOTE: A common cause for this error is misspelling a mpirun command
      line parameter option (remember that mpirun interprets the first
      unrecognized command line token as the executable).

Node:       thin007
Executable: main.x
--------------------------------------------------------------------------
34 total processes failed to start
--------------------------------------------------------------------------
mpirun was unable to find the specified executable file, and therefore
did not launch the job.  This error was first reported for process
rank 0; it may have occurred for other processes as well.

NOTE: A common cause for this error is misspelling a mpirun command
      line parameter option (remember that mpirun interprets the first
      unrecognized command line token as the executable).

Node:       thin007
Executable: main.x
--------------------------------------------------------------------------
36 total processes failed to start
--------------------------------------------------------------------------
mpirun was unable to find the specified executable file, and therefore
did not launch the job.  This error was first reported for process
rank 0; it may have occurred for other processes as well.

NOTE: A common cause for this error is misspelling a mpirun command
      line parameter option (remember that mpirun interprets the first
      unrecognized command line token as the executable).

Node:       thin007
Executable: main.x
--------------------------------------------------------------------------
38 total processes failed to start
--------------------------------------------------------------------------
mpirun was unable to find the specified executable file, and therefore
did not launch the job.  This error was first reported for process
rank 0; it may have occurred for other processes as well.

NOTE: A common cause for this error is misspelling a mpirun command
      line parameter option (remember that mpirun interprets the first
      unrecognized command line token as the executable).

Node:       thin007
Executable: main.x
--------------------------------------------------------------------------
40 total processes failed to start
--------------------------------------------------------------------------
mpirun was unable to find the specified executable file, and therefore
did not launch the job.  This error was first reported for process
rank 0; it may have occurred for other processes as well.

NOTE: A common cause for this error is misspelling a mpirun command
      line parameter option (remember that mpirun interprets the first
      unrecognized command line token as the executable).

Node:       thin007
Executable: main.x
--------------------------------------------------------------------------
42 total processes failed to start
--------------------------------------------------------------------------
mpirun was unable to find the specified executable file, and therefore
did not launch the job.  This error was first reported for process
rank 0; it may have occurred for other processes as well.

NOTE: A common cause for this error is misspelling a mpirun command
      line parameter option (remember that mpirun interprets the first
      unrecognized command line token as the executable).

Node:       thin007
Executable: main.x
--------------------------------------------------------------------------
44 total processes failed to start
--------------------------------------------------------------------------
mpirun was unable to find the specified executable file, and therefore
did not launch the job.  This error was first reported for process
rank 0; it may have occurred for other processes as well.

NOTE: A common cause for this error is misspelling a mpirun command
      line parameter option (remember that mpirun interprets the first
      unrecognized command line token as the executable).

Node:       thin007
Executable: main.x
--------------------------------------------------------------------------
46 total processes failed to start
--------------------------------------------------------------------------
mpirun was unable to find the specified executable file, and therefore
did not launch the job.  This error was first reported for process
rank 0; it may have occurred for other processes as well.

NOTE: A common cause for this error is misspelling a mpirun command
      line parameter option (remember that mpirun interprets the first
      unrecognized command line token as the executable).

Node:       thin007
Executable: main.x
--------------------------------------------------------------------------
48 total processes failed to start
rm -rf .  /*.x obj/*.o obj/*.a
rm: refusing to remove '.' or '..' directory: skipping '.'
make: *** [Makefile:26: x_clean] Error 1
